  Bubble.cpp
Bubble.cpp(16): warning C4244: 'argument' : conversion from 'int' to 'float', possible loss of data
Bubble.cpp(20): warning C4244: '=' : conversion from 'const float' to 'int', possible loss of data
  BubbleManager.cpp
BubbleManager.cpp(71): warning C4018: '<' : signed/unsigned mismatch
  GameState.cpp
GameState.cpp(35): warning C4244: 'argument' : conversion from 'time_t' to 'unsigned int', possible loss of data
GameState.cpp(105): warning C4018: '<' : signed/unsigned mismatch
GameState.cpp(111): warning C4018: '<' : signed/unsigned mismatch
GameState.cpp(168): warning C4018: '<' : signed/unsigned mismatch
GameState.cpp(179): warning C4018: '<' : signed/unsigned mismatch
GameState.cpp(205): warning C4018: '<' : signed/unsigned mismatch
GameState.cpp(213): warning C4018: '<' : signed/unsigned mismatch
GameState.cpp(231): warning C4018: '<' : signed/unsigned mismatch
GameState.cpp(242): warning C4018: '<' : signed/unsigned mismatch
GameState.cpp(536): warning C4018: '<' : signed/unsigned mismatch
GameState.cpp(567): warning C4018: '<' : signed/unsigned mismatch
GameState.cpp(576): warning C4018: '<' : signed/unsigned mismatch
GameState.cpp(607): warning C4018: '<' : signed/unsigned mismatch
GameState.cpp(628): warning C4018: '<' : signed/unsigned mismatch
  Player.cpp
Player.cpp(189): warning C4244: 'initializing' : conversion from 'int' to 'float', possible loss of data
Player.cpp(191): warning C4244: 'argument' : conversion from 'float' to 'int', possible loss of data
  PowerManager.cpp
PowerManager.cpp(23): warning C4244: 'argument' : conversion from 'const int' to 'float', possible loss of data
PowerManager.cpp(141): warning C4244: 'argument' : conversion from 'float' to 'int', possible loss of data
  SmallBubble.cpp
SmallBubble.cpp(10): warning C4244: 'argument' : conversion from 'unsigned int' to 'float', possible loss of data
LINK : warning C4727: PCH named c:\users\kuri\documents\visual studio 2013\projects\magic.writer\magic.writer\release\magic.writer.pch with same timestamp found in C:\Users\Kuri\documents\visual studio 2013\Projects\Magic.Writer\Magic.Writer\Release\AudioManager.obj and C:\Users\Kuri\documents\visual studio 2013\Projects\Magic.Writer\Magic.Writer\Release\Animator.obj.  Using first PCH.
LINK : warning C4727: PCH named c:\users\kuri\documents\visual studio 2013\projects\magic.writer\magic.writer\release\magic.writer.pch with same timestamp found in C:\Users\Kuri\documents\visual studio 2013\Projects\Magic.Writer\Magic.Writer\Release\DrawManager.obj and C:\Users\Kuri\documents\visual studio 2013\Projects\Magic.Writer\Magic.Writer\Release\CollisionManager.obj.  Using first PCH.
LINK : warning C4727: PCH named c:\users\kuri\documents\visual studio 2013\projects\magic.writer\magic.writer\release\magic.writer.pch with same timestamp found in C:\Users\Kuri\documents\visual studio 2013\Projects\Magic.Writer\Magic.Writer\Release\GameObject.obj and C:\Users\Kuri\documents\visual studio 2013\Projects\Magic.Writer\Magic.Writer\Release\Engine.obj.  Using first PCH.
LINK : warning C4727: PCH named c:\users\kuri\documents\visual studio 2013\projects\magic.writer\magic.writer\release\magic.writer.pch with same timestamp found in C:\Users\Kuri\documents\visual studio 2013\Projects\Magic.Writer\Magic.Writer\Release\GUI_Label.obj and C:\Users\Kuri\documents\visual studio 2013\Projects\Magic.Writer\Magic.Writer\Release\GUI_Element.obj.  Using first PCH.
LINK : warning C4727: PCH named c:\users\kuri\documents\visual studio 2013\projects\magic.writer\magic.writer\release\magic.writer.pch with same timestamp found in C:\Users\Kuri\documents\visual studio 2013\Projects\Magic.Writer\Magic.Writer\Release\InputManager.obj and C:\Users\Kuri\documents\visual studio 2013\Projects\Magic.Writer\Magic.Writer\Release\HighscoreManager.obj.  Using first PCH.
LINK : warning C4727: PCH named c:\users\kuri\documents\visual studio 2013\projects\magic.writer\magic.writer\release\magic.writer.pch with same timestamp found in C:\Users\Kuri\documents\visual studio 2013\Projects\Magic.Writer\Magic.Writer\Release\Item.obj and C:\Users\Kuri\documents\visual studio 2013\Projects\Magic.Writer\Magic.Writer\Release\InstructionState.obj.  Using first PCH.
LINK : warning C4727: PCH named c:\users\kuri\documents\visual studio 2013\projects\magic.writer\magic.writer\release\magic.writer.pch with same timestamp found in C:\Users\Kuri\documents\visual studio 2013\Projects\Magic.Writer\Magic.Writer\Release\Main.obj and C:\Users\Kuri\documents\visual studio 2013\Projects\Magic.Writer\Magic.Writer\Release\LosingState.obj.  Using first PCH.
LINK : warning C4727: PCH named c:\users\kuri\documents\visual studio 2013\projects\magic.writer\magic.writer\release\magic.writer.pch with same timestamp found in C:\Users\Kuri\documents\visual studio 2013\Projects\Magic.Writer\Magic.Writer\Release\Monster.obj and C:\Users\Kuri\documents\visual studio 2013\Projects\Magic.Writer\Magic.Writer\Release\MenuState.obj.  Using first PCH.
LINK : warning C4727: PCH named c:\users\kuri\documents\visual studio 2013\projects\magic.writer\magic.writer\release\magic.writer.pch with same timestamp found in C:\Users\Kuri\documents\visual studio 2013\Projects\Magic.Writer\Magic.Writer\Release\ParticleEmitter.obj and C:\Users\Kuri\documents\visual studio 2013\Projects\Magic.Writer\Magic.Writer\Release\Particle.obj.  Using first PCH.
LINK : warning C4727: PCH named c:\users\kuri\documents\visual studio 2013\projects\magic.writer\magic.writer\release\magic.writer.pch with same timestamp found in C:\Users\Kuri\documents\visual studio 2013\Projects\Magic.Writer\Magic.Writer\Release\Player.obj and C:\Users\Kuri\documents\visual studio 2013\Projects\Magic.Writer\Magic.Writer\Release\GameState.obj.  Using first PCH.
LINK : warning C4727: PCH named c:\users\kuri\documents\visual studio 2013\projects\magic.writer\magic.writer\release\magic.writer.pch with same timestamp found in C:\Users\Kuri\documents\visual studio 2013\Projects\Magic.Writer\Magic.Writer\Release\SmallBubble.obj and C:\Users\Kuri\documents\visual studio 2013\Projects\Magic.Writer\Magic.Writer\Release\PowerManager.obj.  Using first PCH.
LINK : warning C4727: PCH named c:\users\kuri\documents\visual studio 2013\projects\magic.writer\magic.writer\release\magic.writer.pch with same timestamp found in C:\Users\Kuri\documents\visual studio 2013\Projects\Magic.Writer\Magic.Writer\Release\TestState.obj and C:\Users\Kuri\documents\visual studio 2013\Projects\Magic.Writer\Magic.Writer\Release\StateManager.obj.  Using first PCH.
LINK : warning C4727: PCH named c:\users\kuri\documents\visual studio 2013\projects\magic.writer\magic.writer\release\magic.writer.pch with same timestamp found in C:\Users\Kuri\documents\visual studio 2013\Projects\Magic.Writer\Magic.Writer\Release\stdafx.obj and C:\Users\Kuri\documents\visual studio 2013\Projects\Magic.Writer\Magic.Writer\Release\TextureManager.obj.  Using first PCH.
LINK : warning C4727: PCH named c:\users\kuri\documents\visual studio 2013\projects\magic.writer\magic.writer\release\magic.writer.pch with same timestamp found in C:\Users\Kuri\documents\visual studio 2013\Projects\Magic.Writer\Magic.Writer\Release\WordManager.obj and C:\Users\Kuri\documents\visual studio 2013\Projects\Magic.Writer\Magic.Writer\Release\WaveManager.obj.  Using first PCH.
  Generating code
c:\users\kuri\documents\visual studio 2013\projects\magic.writer\magic.writer\menustate.cpp(84): warning C4715: 'MenuState::Update' : not all control paths return a value
  Finished generating code
  Magic.Writer.vcxproj -> C:\Users\Kuri\documents\visual studio 2013\Projects\Magic.Writer\Release\Magic.Writer.exe
